<?xml version="1.0" encoding="UTF-8"?>
<testng-results skipped="0" failed="0" ignored="0" total="1" passed="1">
  <reporter-output>
  </reporter-output>
  <suite name="Default suite" duration-ms="22410" started-at="2021-01-11T13:08:47Z" finished-at="2021-01-11T13:09:09Z">
    <groups>
    </groups>
    <test name="Default test" duration-ms="22410" started-at="2021-01-11T13:08:47Z" finished-at="2021-01-11T13:09:09Z">
      <class name="TestScript.DemoOne">
        <test-method status="PASS" signature="launchBrowsr()[pri:0, instance:TestScript.DemoOne@14acaea5]" name="launchBrowsr" is-config="true" duration-ms="16" started-at="2021-01-11T18:38:47Z" finished-at="2021-01-11T18:38:47Z">
          <reporter-output>
          </reporter-output>
        </test-method> <!-- launchBrowsr -->
        <test-method status="PASS" signature="loginApp()[pri:0, instance:TestScript.DemoOne@14acaea5]" name="loginApp" is-config="true" duration-ms="16" started-at="2021-01-11T18:38:47Z" finished-at="2021-01-11T18:38:47Z">
          <reporter-output>
          </reporter-output>
        </test-method> <!-- loginApp -->
        <test-method status="PASS" signature="testCaseOne()[pri:0, instance:TestScript.DemoOne@14acaea5]" name="testCaseOne" duration-ms="22360" started-at="2021-01-11T18:38:47Z" finished-at="2021-01-11T18:39:09Z">
          <reporter-output>
          </reporter-output>
        </test-method> <!-- testCaseOne -->
        <test-method status="PASS" signature="logoutApp()[pri:0, instance:TestScript.DemoOne@14acaea5]" name="logoutApp" is-config="true" duration-ms="1" started-at="2021-01-11T18:39:09Z" finished-at="2021-01-11T18:39:09Z">
          <reporter-output>
          </reporter-output>
        </test-method> <!-- logoutApp -->
        <test-method status="PASS" signature="tearDown()[pri:0, instance:TestScript.DemoOne@14acaea5]" name="tearDown" is-config="true" duration-ms="0" started-at="2021-01-11T18:39:09Z" finished-at="2021-01-11T18:39:09Z">
          <reporter-output>
          </reporter-output>
        </test-method> <!-- tearDown -->
      </class> <!-- TestScript.DemoOne -->
    </test> <!-- Default test -->
  </suite> <!-- Default suite -->
</testng-results>
