<?xml version="1.0" encoding="UTF-8"?>
<testng-results skipped="0" failed="0" ignored="0" total="1" passed="1">
  <reporter-output>
  </reporter-output>
  <suite name="Suite" duration-ms="71" started-at="2021-01-11T12:52:10Z" finished-at="2021-01-11T12:52:10Z">
    <groups>
    </groups>
    <test name="Test" duration-ms="71" started-at="2021-01-11T12:52:10Z" finished-at="2021-01-11T12:52:10Z">
      <class name="TestScript.DemoOne">
        <test-method status="PASS" signature="launchBrowsr()[pri:0, instance:TestScript.DemoOne@18be83e4]" name="launchBrowsr" is-config="true" duration-ms="17" started-at="2021-01-11T18:22:10Z" finished-at="2021-01-11T18:22:10Z">
          <reporter-output>
          </reporter-output>
        </test-method> <!-- launchBrowsr -->
        <test-method status="PASS" signature="testCaseOne()[pri:0, instance:TestScript.DemoOne@18be83e4]" name="testCaseOne" duration-ms="12" started-at="2021-01-11T18:22:10Z" finished-at="2021-01-11T18:22:10Z">
          <reporter-output>
          </reporter-output>
        </test-method> <!-- testCaseOne -->
        <test-method status="PASS" signature="loginApp()[pri:0, instance:TestScript.DemoOne@18be83e4]" name="loginApp" is-config="true" duration-ms="0" started-at="2021-01-11T18:22:10Z" finished-at="2021-01-11T18:22:10Z">
          <reporter-output>
          </reporter-output>
        </test-method> <!-- loginApp -->
        <test-method status="PASS" signature="logoutApp()[pri:0, instance:TestScript.DemoOne@18be83e4]" name="logoutApp" is-config="true" duration-ms="4" started-at="2021-01-11T18:22:10Z" finished-at="2021-01-11T18:22:10Z">
          <reporter-output>
          </reporter-output>
        </test-method> <!-- logoutApp -->
        <test-method status="PASS" signature="tearDown()[pri:0, instance:TestScript.DemoOne@18be83e4]" name="tearDown" is-config="true" duration-ms="1" started-at="2021-01-11T18:22:10Z" finished-at="2021-01-11T18:22:10Z">
          <reporter-output>
          </reporter-output>
        </test-method> <!-- tearDown -->
      </class> <!-- TestScript.DemoOne -->
    </test> <!-- Test -->
  </suite> <!-- Suite -->
</testng-results>
